Baseline model summary:
                               OLS Regression Results                               
====================================================================================
Dep. Variable:     np.log(helpful_vote + 1)   R-squared:                       0.003
Model:                                  OLS   Adj. R-squared:                  0.003
Method:                       Least Squares   F-statistic:                     2772.
Date:                      Wed, 18 Sep 2024   Prob (F-statistic):               0.00
Time:                              22:29:15   Log-Likelihood:            -9.8672e+05
No. Observations:                   1004681   AIC:                         1.973e+06
Df Residuals:                       1004679   BIC:                         1.973e+06
Df Model:                                 1                                         
Covariance Type:                  nonrobust                                         
==================================================================================
                     coef    std err          t      P>|t|      [0.025      0.975]
----------------------------------------------------------------------------------
Intercept          0.2777      0.001    415.897      0.000       0.276       0.279
disappointment     0.4578      0.009     52.652      0.000       0.441       0.475
==============================================================================
Omnibus:                   685946.579   Durbin-Watson:                   1.668
Prob(Omnibus):                  0.000   Jarque-Bera (JB):          9592703.583
Skew:                           3.197   Prob(JB):                         0.00
Kurtosis:                      16.721   Cond. No.                         13.5
==============================================================================

Notes:
[1] Standard Errors assume that the covariance matrix of the errors is correctly specified.
Sentiment model summary:
                               OLS Regression Results                               
====================================================================================
Dep. Variable:     np.log(helpful_vote + 1)   R-squared:                       0.049
Model:                                  OLS   Adj. R-squared:                  0.049
Method:                       Least Squares   F-statistic:                     7407.
Date:                      Wed, 18 Sep 2024   Prob (F-statistic):               0.00
Time:                              22:29:16   Log-Likelihood:            -9.6282e+05
No. Observations:                   1004681   AIC:                         1.926e+06
Df Residuals:                       1004673   BIC:                         1.926e+06
Df Model:                                 7                                         
Covariance Type:                  nonrobust                                         
==================================================================================
                     coef    std err          t      P>|t|      [0.025      0.975]
----------------------------------------------------------------------------------
Intercept          0.0410      0.002     19.592      0.000       0.037       0.045
disappointment    -0.2073      0.010    -20.472      0.000      -0.227      -0.187
sadness           -0.0162      0.005     -3.327      0.001      -0.026      -0.007
anger              0.0588      0.005     12.573      0.000       0.050       0.068
fear               0.2945      0.004     74.426      0.000       0.287       0.302
disgust            0.1815      0.005     37.218      0.000       0.172       0.191
surprise           0.2868      0.003    109.605      0.000       0.282       0.292
joy                0.0058      0.002      2.776      0.005       0.002       0.010
==============================================================================
Omnibus:                   663936.917   Durbin-Watson:                   1.719
Prob(Omnibus):                  0.000   Jarque-Bera (JB):          8955675.743
Skew:                           3.065   Prob(JB):                         0.00
Kurtosis:                      16.280   Cond. No.                         22.1
==============================================================================

Notes:
[1] Standard Errors assume that the covariance matrix of the errors is correctly specified.
Disappointment model summary:
                               OLS Regression Results                               
====================================================================================
Dep. Variable:     np.log(helpful_vote + 1)   R-squared:                       0.165
Model:                                  OLS   Adj. R-squared:                  0.165
Method:                       Least Squares   F-statistic:                 3.981e+04
Date:                      Wed, 18 Sep 2024   Prob (F-statistic):               0.00
Time:                              22:29:16   Log-Likelihood:            -8.9730e+05
No. Observations:                   1004681   AIC:                         1.795e+06
Df Residuals:                       1004675   BIC:                         1.795e+06
Df Model:                                 5                                         
Covariance Type:                  nonrobust                                         
==========================================================================================
                             coef    std err          t      P>|t|      [0.025      0.975]
------------------------------------------------------------------------------------------
Intercept                 -0.4459      0.004   -113.545      0.000      -0.454      -0.438
disappointment            -0.0762      0.009     -8.645      0.000      -0.093      -0.059
rating                    -0.0317      0.001    -61.867      0.000      -0.033      -0.031
np.log(titleLen + 1)      -0.0039      0.001     -3.849      0.000      -0.006      -0.002
np.log(contentLen + 1)     0.1775      0.001    340.769      0.000       0.176       0.179
np.log(imageNum + 1)       0.2890      0.003    110.144      0.000       0.284       0.294
==============================================================================
Omnibus:                   607722.266   Durbin-Watson:                   1.797
Prob(Omnibus):                  0.000   Jarque-Bera (JB):          7684431.561
Skew:                           2.729   Prob(JB):                         0.00
Kurtosis:                      15.401   Cond. No.                         110.
==============================================================================

Notes:
[1] Standard Errors assume that the covariance matrix of the errors is correctly specified.
All vars model summary:
                               OLS Regression Results                               
====================================================================================
Dep. Variable:     np.log(helpful_vote + 1)   R-squared:                       0.173
Model:                                  OLS   Adj. R-squared:                  0.173
Method:                       Least Squares   F-statistic:                 1.917e+04
Date:                      Wed, 18 Sep 2024   Prob (F-statistic):               0.00
Time:                              22:29:17   Log-Likelihood:            -8.9240e+05
No. Observations:                   1004681   AIC:                         1.785e+06
Df Residuals:                       1004669   BIC:                         1.785e+06
Df Model:                                11                                         
Covariance Type:                  nonrobust                                         
==========================================================================================
                             coef    std err          t      P>|t|      [0.025      0.975]
------------------------------------------------------------------------------------------
Intercept                 -0.5251      0.004   -119.516      0.000      -0.534      -0.516
disappointment            -0.1820      0.009    -19.237      0.000      -0.201      -0.163
sadness                   -0.0198      0.005     -4.239      0.000      -0.029      -0.011
anger                      0.1497      0.004     34.095      0.000       0.141       0.158
fear                       0.1663      0.004     44.819      0.000       0.159       0.174
disgust                    0.0930      0.005     20.139      0.000       0.084       0.102
surprise                  -0.0878      0.003    -32.812      0.000      -0.093      -0.083
joy                        0.0547      0.002     25.454      0.000       0.050       0.059
rating                    -0.0134      0.001    -17.741      0.000      -0.015      -0.012
np.log(titleLen + 1)      -0.0052      0.001     -5.120      0.000      -0.007      -0.003
np.log(contentLen + 1)     0.1772      0.001    322.888      0.000       0.176       0.178
np.log(imageNum + 1)       0.2846      0.003    108.985      0.000       0.280       0.290
==============================================================================
Omnibus:                   599793.637   Durbin-Watson:                   1.805
Prob(Omnibus):                  0.000   Jarque-Bera (JB):          7391784.787
Skew:                           2.690   Prob(JB):                         0.00
Kurtosis:                      15.151   Cond. No.                         120.
==============================================================================

Notes:
[1] Standard Errors assume that the covariance matrix of the errors is correctly specified.
